Android Studio project/app/build/outputs/logs/manifest-merger-debug-report.txt
-- Merging decision tree log ---
manifest
ADDED from src\main\AndroidManifest.xml:3:1-34:12
	xmlns:android
		ADDED from src\main\AndroidManifest.xml:3:11-69
	package
		ADDED from src\main\AndroidManifest.xml:4:9-45
		INJECTED from src\main\AndroidManifest.xml
		INJECTED from src\main\AndroidManifest.xml
	android:versionName
		ADDED from src\main\AndroidManifest.xml:7:9-34
		INJECTED from src\main\AndroidManifest.xml
		INJECTED from src\main\AndroidManifest.xml
	android:versionCode
		ADDED from src\main\AndroidManifest.xml:6:9-32
		INJECTED from src\main\AndroidManifest.xml
		INJECTED from src\main\AndroidManifest.xml
	android:installLocation
		ADDED from src\main\AndroidManifest.xml:5:3-33
uses-sdk
ADDED from src\main\AndroidManifest.xml:10:5-44
	android:targetSdkVersion
		INJECTED from src\main\AndroidManifest.xml
		INJECTED from src\main\AndroidManifest.xml
	android:minSdkVersion
		ADDED from src\main\AndroidManifest.xml:10:15-41
		INJECTED from src\main\AndroidManifest.xml
		INJECTED from src\main\AndroidManifest.xml
uses-feature#0x00020000
ADDED from src\main\AndroidManifest.xml:11:2-64
	android:glEsVersion
		ADDED from src\main\AndroidManifest.xml:11:16-48
application
ADDED from src\main\AndroidManifest.xml:13:5-32:19
	android:label
		ADDED from src\main\AndroidManifest.xml:13:18-50
	android:icon
		ADDED from src\main\AndroidManifest.xml:14:2-31
activity#net.tmtg.glesjs.MainActivity
ADDED from src\main\AndroidManifest.xml:20:9-31:20
	android:screenOrientation
		ADDED from src\main\AndroidManifest.xml:23:17-54
	android:label
		ADDED from src\main\AndroidManifest.xml:21:17-49
	android:configChanges
		ADDED from src\main\AndroidManifest.xml:25:17-67
	android:theme
		ADDED from src\main\AndroidManifest.xml:24:5-63
	android:name
		ADDED from src\main\AndroidManifest.xml:20:19-62
	android:launchMode
		ADDED from src\main\AndroidManifest.xml:22:5-36
intent-filter#android.intent.action.MAIN+android.intent.category.LAUNCHER
ADDED from src\main\AndroidManifest.xml:26:13-30:29
action#android.intent.action.MAIN
ADDED from src\main\AndroidManifest.xml:27:17-69
	android:name
		ADDED from src\main\AndroidManifest.xml:27:25-66
category#android.intent.category.LAUNCHER
ADDED from src\main\AndroidManifest.xml:28:17-77
	android:name
		ADDED from src\main\AndroidManifest.xml:28:27-74